c:\documents\oop244\ms5\ms5\x64\debug\vc143.pdb
c:\documents\oop244\ms5\ms5\x64\debug\vc143.idb
c:\documents\oop244\ms5\ms5\x64\debug\utils.obj
c:\documents\oop244\ms5\ms5\x64\debug\status.obj
c:\documents\oop244\ms5\ms5\x64\debug\perishable.obj
c:\documents\oop244\ms5\ms5\x64\debug\menu.obj
c:\documents\oop244\ms5\ms5\x64\debug\main.obj
c:\documents\oop244\ms5\ms5\x64\debug\item.obj
c:\documents\oop244\ms5\ms5\x64\debug\iproduct.obj
c:\documents\oop244\ms5\ms5\x64\debug\date.obj
c:\documents\oop244\ms5\ms5\x64\debug\aidman.obj
c:\documents\oop244\ms5\ms5\x64\debug\ms5.exe
c:\documents\oop244\ms5\ms5\x64\debug\ms5.ilk
c:\documents\oop244\ms5\ms5\x64\debug\ms5.pdb
c:\documents\oop244\ms5\ms5\x64\debug\ms5.tlog\cl.command.1.tlog
c:\documents\oop244\ms5\ms5\x64\debug\ms5.tlog\cl.read.1.tlog
c:\documents\oop244\ms5\ms5\x64\debug\ms5.tlog\cl.write.1.tlog
c:\documents\oop244\ms5\ms5\x64\debug\ms5.tlog\link.command.1.tlog
c:\documents\oop244\ms5\ms5\x64\debug\ms5.tlog\link.read.1.tlog
c:\documents\oop244\ms5\ms5\x64\debug\ms5.tlog\link.write.1.tlog
